2017-01-25 20:33:03,086 ERROR [Worker-0] - Statistics - Statistics file `/home/david/.scalaide/statistics` is corrupted. A new one is being created. Corrupted content was:

com.cedarsoftware.util.io.JsonIoException: error parsing JSON value
	at com.cedarsoftware.util.io.JsonReader.readObject(JsonReader.java:529)
	at com.cedarsoftware.util.io.JsonReader.jsonToJava(JsonReader.java:289)
	at com.cedarsoftware.util.io.JsonReader.jsonToJava(JsonReader.java:262)
	at org.scalaide.core.internal.statistics.Statistics.org$scalaide$core$internal$statistics$Statistics$$read(Statistics.scala:74)
	at org.scalaide.core.internal.statistics.Statistics$$anonfun$readStats$1.apply(Statistics.scala:52)
	at org.scalaide.core.internal.statistics.Statistics$$anonfun$readStats$1.apply(Statistics.scala:51)
	at org.scalaide.core.ScalaIdeDataStore$$anonfun$validate$2.apply(ScalaIdeDataStore.scala:59)
	at org.scalaide.util.eclipse.EclipseUtils$$anon$3.run(EclipseUtils.scala:214)
	at org.eclipse.core.runtime.SafeRunner.run(SafeRunner.java:42)
	at org.scalaide.util.eclipse.EclipseUtils$.withSafeRunner(EclipseUtils.scala:210)
	at org.scalaide.core.ScalaIdeDataStore$.validate(ScalaIdeDataStore.scala:58)
	at org.scalaide.core.internal.statistics.Statistics.readStats(Statistics.scala:51)
	at org.scalaide.core.internal.statistics.Statistics.<init>(Statistics.scala:30)
	at org.scalaide.core.internal.ScalaPlugin.stats$lzycompute(ScalaPlugin.scala:135)
	at org.scalaide.core.internal.ScalaPlugin.stats(ScalaPlugin.scala:135)
	at org.scalaide.core.internal.ScalaPlugin.statistics(ScalaPlugin.scala:138)
	at org.scalaide.core.internal.ScalaPlugin.start(ScalaPlugin.scala:109)
	at org.eclipse.osgi.internal.framework.BundleContextImpl$3.run(BundleContextImpl.java:774)
	at org.eclipse.osgi.internal.framework.BundleContextImpl$3.run(BundleContextImpl.java:1)
	at java.security.AccessController.doPrivileged(Native Method)
	at org.eclipse.osgi.internal.framework.BundleContextImpl.startActivator(BundleContextImpl.java:767)
	at org.eclipse.osgi.internal.framework.BundleContextImpl.start(BundleContextImpl.java:724)
	at org.eclipse.osgi.internal.framework.EquinoxBundle.startWorker0(EquinoxBundle.java:932)
	at org.eclipse.osgi.internal.framework.EquinoxBundle$EquinoxModule.startWorker(EquinoxBundle.java:309)
	at org.eclipse.osgi.container.Module.doStart(Module.java:581)
	at org.eclipse.osgi.container.Module.start(Module.java:449)
	at org.eclipse.osgi.framework.util.SecureAction.start(SecureAction.java:470)
	at org.eclipse.osgi.internal.hooks.EclipseLazyStarter.postFindLocalClass(EclipseLazyStarter.java:107)
	at org.eclipse.osgi.internal.loader.classpath.ClasspathManager.findLocalClass(ClasspathManager.java:529)
	at org.eclipse.osgi.internal.loader.ModuleClassLoader.findLocalClass(ModuleClassLoader.java:325)
	at org.eclipse.osgi.internal.loader.BundleLoader.findLocalClass(BundleLoader.java:345)
	at org.eclipse.osgi.internal.loader.sources.SingleSourcePackage.loadClass(SingleSourcePackage.java:36)
	at org.eclipse.osgi.internal.loader.BundleLoader.findClassInternal(BundleLoader.java:419)
	at org.eclipse.osgi.internal.loader.BundleLoader.findClass(BundleLoader.java:372)
	at org.eclipse.osgi.internal.loader.BundleLoader.findClass(BundleLoader.java:364)
	at org.eclipse.osgi.internal.loader.ModuleClassLoader.loadClass(ModuleClassLoader.java:161)
	at java.lang.ClassLoader.loadClass(ClassLoader.java:357)
	at org.scalaide.debug.internal.ScalaDebugger$.init(ScalaDebugger.scala:66)
	at org.scalaide.debug.internal.ScalaDebugPlugin.start(ScalaDebugPlugin.scala:30)
	at org.eclipse.osgi.internal.framework.BundleContextImpl$3.run(BundleContextImpl.java:774)
	at org.eclipse.osgi.internal.framework.BundleContextImpl$3.run(BundleContextImpl.java:1)
	at java.security.AccessController.doPrivileged(Native Method)
	at org.eclipse.osgi.internal.framework.BundleContextImpl.startActivator(BundleContextImpl.java:767)
	at org.eclipse.osgi.internal.framework.BundleContextImpl.start(BundleContextImpl.java:724)
	at org.eclipse.osgi.internal.framework.EquinoxBundle.startWorker0(EquinoxBundle.java:932)
	at org.eclipse.osgi.internal.framework.EquinoxBundle$EquinoxModule.startWorker(EquinoxBundle.java:309)
	at org.eclipse.osgi.container.Module.doStart(Module.java:581)
	at org.eclipse.osgi.container.Module.start(Module.java:449)
	at org.eclipse.osgi.framework.util.SecureAction.start(SecureAction.java:470)
	at org.eclipse.osgi.internal.hooks.EclipseLazyStarter.postFindLocalClass(EclipseLazyStarter.java:107)
	at org.eclipse.osgi.internal.loader.classpath.ClasspathManager.findLocalClass(ClasspathManager.java:529)
	at org.eclipse.osgi.internal.loader.ModuleClassLoader.findLocalClass(ModuleClassLoader.java:325)
	at org.eclipse.osgi.internal.loader.BundleLoader.findLocalClass(BundleLoader.java:345)
	at org.eclipse.osgi.internal.loader.BundleLoader.findClassInternal(BundleLoader.java:423)
	at org.eclipse.osgi.internal.loader.BundleLoader.findClass(BundleLoader.java:372)
	at org.eclipse.osgi.internal.loader.BundleLoader.findClass(BundleLoader.java:364)
	at org.eclipse.osgi.internal.loader.ModuleClassLoader.loadClass(ModuleClassLoader.java:161)
	at java.lang.ClassLoader.loadClass(ClassLoader.java:357)
	at org.eclipse.osgi.internal.framework.EquinoxBundle.loadClass(EquinoxBundle.java:564)
	at org.eclipse.core.internal.registry.osgi.RegistryStrategyOSGI.createExecutableExtension(RegistryStrategyOSGI.java:174)
	at org.eclipse.core.internal.registry.ExtensionRegistry.createExecutableExtension(ExtensionRegistry.java:905)
	at org.eclipse.core.internal.registry.ConfigurationElement.createExecutableExtension(ConfigurationElement.java:243)
	at org.eclipse.core.internal.registry.ConfigurationElementHandle.createExecutableExtension(ConfigurationElementHandle.java:55)
	at org.eclipse.ui.internal.WorkbenchPlugin$1.run(WorkbenchPlugin.java:291)
	at org.eclipse.swt.custom.BusyIndicator.showWhile(BusyIndicator.java:52)
	at org.eclipse.ui.internal.WorkbenchPlugin.createExtension(WorkbenchPlugin.java:286)
	at org.eclipse.ui.internal.EarlyStartupRunnable.run(EarlyStartupRunnable.java:53)
	at org.eclipse.core.runtime.SafeRunner.run(SafeRunner.java:42)
	at org.eclipse.ui.internal.Workbench$55.run(Workbench.java:2835)
	at org.eclipse.core.internal.jobs.Worker.run(Worker.java:55)
Caused by: com.cedarsoftware.util.io.JsonIoException: EOF reached prematurely
	at com.cedarsoftware.util.io.JsonParser.error(JsonParser.java:584)
	at com.cedarsoftware.util.io.JsonParser.readValue(JsonParser.java:278)
	at com.cedarsoftware.util.io.JsonReader.readObject(JsonReader.java:521)
	... 69 more
2017-01-25 20:33:22,559 ERROR [main] - System.err - [org.eclipse.jdt.launching] error can't determine modifiers of missing type org.eclipse.pde.internal.ui.wizards.imports.PluginImportHelper
when weaving type org.eclipse.jdt.launching.JavaRuntime
when weaving classes 
when weaving 
 [Xlint:cantFindType]
2017-01-25 20:34:00,963  WARN [ModalContext] - ScalaProject - Project SparkStreamingExamples has platform default sourceLevel.
2017-01-25 20:34:00,964  WARN [ModalContext] - ScalaProject - Project SparkStreamingExamples runs on platform default installation.
2017-01-25 20:34:02,433  WARN [Worker-12] - ScalaProject - Project SparkStreamingExamples has platform default sourceLevel.
2017-01-25 20:34:02,433  WARN [Worker-12] - ScalaProject - Project SparkStreamingExamples runs on platform default installation.
2017-01-25 21:14:53,571 ERROR [main] - System.err - [org.eclipse.jdt.debug] error can't determine modifiers of missing type org.eclipse.pde.internal.ui.wizards.imports.PluginImportHelper
when weaving type org.eclipse.jdt.debug.core.IJavaLineBreakpoint
when weaving classes 
when weaving 
 [Xlint:cantFindType]
2017-01-25 21:15:15,750  WARN [Worker-14] - ScalaProject - Project SparkStreamingExamples has platform default sourceLevel.
2017-01-25 21:15:15,750  WARN [Worker-14] - ScalaProject - Project SparkStreamingExamples runs on platform default installation.
2017-01-25 21:16:53,261  WARN [Worker-8] - ScalaProject - Project SparkStreamingExamples has platform default sourceLevel.
2017-01-25 21:16:53,261  WARN [Worker-8] - ScalaProject - Project SparkStreamingExamples runs on platform default installation.
2017-01-25 21:16:53,913  WARN [Java indexing] - ScalaProject - Project SparkStreamingExamples has platform default sourceLevel.
2017-01-25 21:16:53,913  WARN [Java indexing] - ScalaProject - Project SparkStreamingExamples runs on platform default installation.
2017-01-25 21:16:56,433 ERROR [main] - IScalaPresentationCompiler$ - Ignoring InterruptException
2017-01-25 21:16:56,435 ERROR [main] - IScalaPresentationCompiler$ - Ignoring InterruptException
2017-01-25 21:16:57,337 ERROR [main] - IScalaPresentationCompiler$ - Ignoring InterruptException
2017-01-25 21:16:57,337 ERROR [main] - IScalaPresentationCompiler$ - Ignoring InterruptException
2017-01-25 21:16:57,387 ERROR [main] - IScalaPresentationCompiler$ - Ignoring InterruptException
2017-01-25 21:16:57,388 ERROR [main] - IScalaPresentationCompiler$ - Ignoring InterruptException
2017-01-25 21:16:58,541 ERROR [main] - System.err - [org.eclipse.jdt.debug.ui] error can't determine modifiers of missing type org.eclipse.pde.internal.ui.wizards.imports.PluginImportHelper
when weaving type org.eclipse.jdt.internal.debug.ui.actions.ToggleBreakpointAdapter
when weaving classes 
when weaving 
 [Xlint:cantFindType]
2017-01-25 21:16:59,529 ERROR [main] - System.err - [org.eclipse.jdt.junit] error can't determine modifiers of missing type org.eclipse.pde.internal.ui.wizards.imports.PluginImportHelper
when weaving type org.eclipse.jdt.internal.junit.ui.JUnitQuickFixProcessor
when weaving classes 
when weaving 
 [Xlint:cantFindType]
2017-01-25 21:27:48,176  WARN [Worker-14] - ScalaProject - Project SparkStreamingExamples has platform default sourceLevel.
2017-01-25 21:27:48,176  WARN [Worker-14] - ScalaProject - Project SparkStreamingExamples runs on platform default installation.
2017-01-25 21:27:48,371  WARN [Worker-8] - ScalaProject - Project SparkStreamingExamples has platform default sourceLevel.
2017-01-25 21:27:48,371  WARN [Worker-8] - ScalaProject - Project SparkStreamingExamples runs on platform default installation.
2017-01-25 21:27:48,829  WARN [org.scalaide.ui.internal.reconciliation.ScalaReconciler] - ScalaProject - Project SparkStreamingExamples has platform default sourceLevel.
2017-01-25 21:27:48,830  WARN [org.scalaide.ui.internal.reconciliation.ScalaReconciler] - ScalaProject - Project SparkStreamingExamples runs on platform default installation.
2017-01-25 21:31:10,959  WARN [Worker-3] - ScalaProject - Project SparkStreamingExamples has platform default sourceLevel.
2017-01-25 21:31:10,959  WARN [Worker-3] - ScalaProject - Project SparkStreamingExamples runs on platform default installation.
2017-01-25 21:49:32,610  WARN [Worker-16] - ScalaProject - Project SparkStreamingExamples has platform default sourceLevel.
2017-01-25 21:49:32,615  WARN [Worker-16] - ScalaProject - Project SparkStreamingExamples runs on platform default installation.
2017-01-26 14:53:28,487  WARN [Worker-16] - ScalaProject - Project SparkStreamingExamples has platform default sourceLevel.
2017-01-26 14:53:28,487  WARN [Worker-16] - ScalaProject - Project SparkStreamingExamples runs on platform default installation.
2017-01-26 14:53:29,153  WARN [org.scalaide.ui.internal.reconciliation.ScalaReconciler] - ScalaProject - Project SparkStreamingExamples has platform default sourceLevel.
2017-01-26 14:53:29,153  WARN [org.scalaide.ui.internal.reconciliation.ScalaReconciler] - ScalaProject - Project SparkStreamingExamples runs on platform default installation.
2017-01-26 14:53:30,038  WARN [org.scalaide.ui.internal.reconciliation.ScalaReconciler] - ImplicitHighlightingPresenter - Timeout while waiting for `askLoadedTyped` during semantic highlighting.
2017-01-26 14:53:30,239  WARN [org.scalaide.ui.internal.reconciliation.ScalaReconciler] - CustomSemanticAction - Timeout while waiting for `askLoadedTyped` during semantic highlighting.
2017-01-26 14:53:40,841  WARN [Worker-16] - ScalaProject - Project SparkStreamingExamples has platform default sourceLevel.
2017-01-26 14:53:40,842  WARN [Worker-16] - ScalaProject - Project SparkStreamingExamples runs on platform default installation.
2017-01-26 14:53:41,378  WARN [org.scalaide.ui.internal.reconciliation.ScalaReconciler] - ScalaProject - Project SparkStreamingExamples has platform default sourceLevel.
2017-01-26 14:53:41,378  WARN [org.scalaide.ui.internal.reconciliation.ScalaReconciler] - ScalaProject - Project SparkStreamingExamples runs on platform default installation.
2017-01-26 14:53:42,321  WARN [org.scalaide.ui.internal.reconciliation.ScalaReconciler] - ImplicitHighlightingPresenter - Timeout while waiting for `askLoadedTyped` during semantic highlighting.
2017-01-26 14:53:42,522  WARN [org.scalaide.ui.internal.reconciliation.ScalaReconciler] - CustomSemanticAction - Timeout while waiting for `askLoadedTyped` during semantic highlighting.
2017-01-26 14:53:42,723  WARN [org.scalaide.ui.internal.reconciliation.ScalaReconciler] - CallByNameParamAtCreationPresenter - Timeout while waiting for `askLoadedTyped` during semantic highlighting.
2017-01-26 14:53:59,725  WARN [Worker-27] - ScalaProject - Project SparkStreamingExamples has platform default sourceLevel.
2017-01-26 14:53:59,725  WARN [Worker-27] - ScalaProject - Project SparkStreamingExamples runs on platform default installation.
2017-01-26 14:54:00,115  WARN [org.scalaide.ui.internal.reconciliation.ScalaReconciler] - ScalaProject - Project SparkStreamingExamples has platform default sourceLevel.
2017-01-26 14:54:00,116  WARN [org.scalaide.ui.internal.reconciliation.ScalaReconciler] - ScalaProject - Project SparkStreamingExamples runs on platform default installation.
2017-01-26 14:54:00,588  WARN [org.scalaide.ui.internal.reconciliation.ScalaReconciler] - ImplicitHighlightingPresenter - Timeout while waiting for `askLoadedTyped` during semantic highlighting.
2017-01-26 14:54:04,714  WARN [Worker-32] - ScalaProject - Project SparkStreamingExamples has platform default sourceLevel.
2017-01-26 14:54:04,714  WARN [Worker-32] - ScalaProject - Project SparkStreamingExamples runs on platform default installation.
2017-01-26 14:54:05,250  WARN [org.scalaide.ui.internal.reconciliation.ScalaReconciler] - ScalaProject - Project SparkStreamingExamples has platform default sourceLevel.
2017-01-26 14:54:05,252  WARN [org.scalaide.ui.internal.reconciliation.ScalaReconciler] - ScalaProject - Project SparkStreamingExamples runs on platform default installation.
2017-01-26 14:54:05,753  WARN [org.scalaide.ui.internal.reconciliation.ScalaReconciler] - ImplicitHighlightingPresenter - Timeout while waiting for `askLoadedTyped` during semantic highlighting.
2017-01-26 14:54:14,370  WARN [ModalContext] - ScalaProject - Project SparkStreamingExamples has platform default sourceLevel.
2017-01-26 14:54:14,370  WARN [ModalContext] - ScalaProject - Project SparkStreamingExamples runs on platform default installation.
2017-01-26 14:54:14,558  WARN [Worker-20] - ScalaProject - Project SparkStreamingExamples has platform default sourceLevel.
2017-01-26 14:54:14,558  WARN [Worker-20] - ScalaProject - Project SparkStreamingExamples runs on platform default installation.
2017-01-26 14:54:15,175  WARN [org.scalaide.ui.internal.reconciliation.ScalaReconciler] - ScalaProject - Project SparkStreamingExamples has platform default sourceLevel.
2017-01-26 14:54:15,176  WARN [org.scalaide.ui.internal.reconciliation.ScalaReconciler] - ScalaProject - Project SparkStreamingExamples runs on platform default installation.
2017-01-26 14:54:15,875  WARN [org.scalaide.ui.internal.reconciliation.ScalaReconciler] - ImplicitHighlightingPresenter - Timeout while waiting for `askLoadedTyped` during semantic highlighting.
2017-01-26 14:54:16,079  WARN [org.scalaide.ui.internal.reconciliation.ScalaReconciler] - CustomSemanticAction - Timeout while waiting for `askLoadedTyped` during semantic highlighting.
2017-01-26 14:54:27,260  WARN [ModalContext] - ScalaProject - Project SparkStreamingExamples has platform default sourceLevel.
2017-01-26 14:54:27,260  WARN [ModalContext] - ScalaProject - Project SparkStreamingExamples runs on platform default installation.
2017-01-26 14:54:27,442  WARN [Worker-32] - ScalaProject - Project SparkStreamingExamples has platform default sourceLevel.
2017-01-26 14:54:27,442  WARN [Worker-32] - ScalaProject - Project SparkStreamingExamples runs on platform default installation.
2017-01-26 14:54:27,914  WARN [org.scalaide.ui.internal.reconciliation.ScalaReconciler] - ScalaProject - Project SparkStreamingExamples has platform default sourceLevel.
2017-01-26 14:54:27,914  WARN [org.scalaide.ui.internal.reconciliation.ScalaReconciler] - ScalaProject - Project SparkStreamingExamples runs on platform default installation.
2017-01-26 14:54:29,191  WARN [org.scalaide.ui.internal.reconciliation.ScalaReconciler] - ImplicitHighlightingPresenter - Timeout while waiting for `askLoadedTyped` during semantic highlighting.
2017-01-26 14:54:29,392  WARN [org.scalaide.ui.internal.reconciliation.ScalaReconciler] - CustomSemanticAction - Timeout while waiting for `askLoadedTyped` during semantic highlighting.
2017-01-26 14:54:29,592  WARN [org.scalaide.ui.internal.reconciliation.ScalaReconciler] - CallByNameParamAtCreationPresenter - Timeout while waiting for `askLoadedTyped` during semantic highlighting.
2017-01-26 14:54:36,850  WARN [ModalContext] - ScalaProject - Project SparkStreamingExamples has platform default sourceLevel.
2017-01-26 14:54:36,851  WARN [ModalContext] - ScalaProject - Project SparkStreamingExamples runs on platform default installation.
2017-01-26 14:54:36,994  WARN [Worker-33] - ScalaProject - Project SparkStreamingExamples has platform default sourceLevel.
2017-01-26 14:54:36,994  WARN [Worker-33] - ScalaProject - Project SparkStreamingExamples runs on platform default installation.
2017-01-26 14:54:37,385  WARN [org.scalaide.ui.internal.reconciliation.ScalaReconciler] - ScalaProject - Project SparkStreamingExamples has platform default sourceLevel.
2017-01-26 14:54:37,385  WARN [org.scalaide.ui.internal.reconciliation.ScalaReconciler] - ScalaProject - Project SparkStreamingExamples runs on platform default installation.
2017-01-26 14:54:38,431  WARN [org.scalaide.ui.internal.reconciliation.ScalaReconciler] - ImplicitHighlightingPresenter - Timeout while waiting for `askLoadedTyped` during semantic highlighting.
2017-01-26 14:54:38,631  WARN [org.scalaide.ui.internal.reconciliation.ScalaReconciler] - CustomSemanticAction - Timeout while waiting for `askLoadedTyped` during semantic highlighting.
2017-01-26 14:54:38,831  WARN [org.scalaide.ui.internal.reconciliation.ScalaReconciler] - CallByNameParamAtCreationPresenter - Timeout while waiting for `askLoadedTyped` during semantic highlighting.
2017-01-26 14:55:29,251  WARN [Worker-31] - ScalaProject - Project SparkStreamingExamples has platform default sourceLevel.
2017-01-26 14:55:29,252  WARN [Worker-31] - ScalaProject - Project SparkStreamingExamples runs on platform default installation.
2017-01-26 14:55:29,276  WARN [main] - ScalaProject - Project SparkStreamingExamples has platform default sourceLevel.
2017-01-26 14:55:29,277  WARN [main] - ScalaProject - Project SparkStreamingExamples runs on platform default installation.
2017-01-26 14:55:30,027  WARN [org.scalaide.ui.internal.reconciliation.ScalaReconciler] - ImplicitHighlightingPresenter - Timeout while waiting for `askLoadedTyped` during semantic highlighting.
2017-01-26 14:55:30,227  WARN [org.scalaide.ui.internal.reconciliation.ScalaReconciler] - CustomSemanticAction - Timeout while waiting for `askLoadedTyped` during semantic highlighting.
2017-01-26 14:55:30,338  WARN [org.scalaide.ui.internal.reconciliation.ScalaReconciler] - ImplicitHighlightingPresenter - Timeout while waiting for `askLoadedTyped` during semantic highlighting.
2017-01-26 14:55:30,428  WARN [org.scalaide.ui.internal.reconciliation.ScalaReconciler] - CallByNameParamAtCreationPresenter - Timeout while waiting for `askLoadedTyped` during semantic highlighting.
2017-01-26 14:55:30,428 ERROR [org.scalaide.ui.internal.reconciliation.ScalaReconciler] - System.err - Exception in thread "org.scalaide.ui.internal.reconciliation.ScalaReconciler"
2017-01-26 14:55:30,428 ERROR [org.scalaide.ui.internal.reconciliation.ScalaReconciler] - System.err - java.lang.NullPointerException
2017-01-26 14:55:30,428 ERROR [org.scalaide.ui.internal.reconciliation.ScalaReconciler] - System.err - at org.scalaide.ui.internal.editor.outline.ScalaOutlineReconcilingStrategy.reconcile(ScalaOutlineReconcilingStrategy.scala:26)
2017-01-26 14:55:30,429 ERROR [org.scalaide.ui.internal.reconciliation.ScalaReconciler] - System.err - at org.eclipse.jdt.internal.ui.text.CompositeReconcilingStrategy.reconcile(CompositeReconcilingStrategy.java:89)
2017-01-26 14:55:30,429 ERROR [org.scalaide.ui.internal.reconciliation.ScalaReconciler] - System.err - at org.eclipse.jface.text.reconciler.MonoReconciler.process(MonoReconciler.java:73)
2017-01-26 14:55:30,429 ERROR [org.scalaide.ui.internal.reconciliation.ScalaReconciler] - System.err - at org.eclipse.jface.text.reconciler.AbstractReconciler$BackgroundThread.run(AbstractReconciler.java:207)
2017-01-26 14:55:30,908 ERROR [main] - org.scala-ide.sdt.core - org.scala-ide.sdt.core - org.scala-ide.sdt.core - 0 - Error in Scala compiler
scala.reflect.internal.FatalError: /home/david/Documents/curso/scala/scala-playground/SparkStreamingCourse/SparkStreamingExamples/main does not exist or is not a directory
	at scala.tools.nsc.settings.MutableSettings$OutputDirs.checkDir(MutableSettings.scala:271)
	at scala.tools.nsc.settings.MutableSettings$OutputDirs.add(MutableSettings.scala:261)
	at xsbt.CachedCompiler0$$anonfun$2.apply(CompilerInterface.scala:72)
	at xsbt.CachedCompiler0$$anonfun$2.apply(CompilerInterface.scala:71)
	at scala.collection.IndexedSeqOptimized$class.foreach(IndexedSeqOptimized.scala:33)
	at scala.collection.mutable.ArrayOps$ofRef.foreach(ArrayOps.scala:186)
	at xsbt.CachedCompiler0.<init>(CompilerInterface.scala:71)
	at xsbt.CompilerInterface.newCompiler(CompilerInterface.scala:23)
	at sun.reflect.NativeMethodAccessorImpl.invoke0(Native Method)
	at sun.reflect.NativeMethodAccessorImpl.invoke(NativeMethodAccessorImpl.java:62)
	at sun.reflect.DelegatingMethodAccessorImpl.invoke(DelegatingMethodAccessorImpl.java:43)
	at java.lang.reflect.Method.invoke(Method.java:498)
	at sbt.compiler.AnalyzingCompiler.call(AnalyzingCompiler.scala:101)
	at sbt.compiler.AnalyzingCompiler.newCachedCompiler(AnalyzingCompiler.scala:56)
	at sbt.compiler.AnalyzingCompiler.newCachedCompiler(AnalyzingCompiler.scala:51)
	at sbt.compiler.CompilerCache$$anon$2.apply(CompilerCache.scala:47)
	at sbt.compiler.AnalyzingCompiler.compile(AnalyzingCompiler.scala:39)
	at sbt.compiler.MixedAnalyzingCompiler$$anonfun$compileScala$1$1.apply$mcV$sp(MixedAnalyzingCompiler.scala:51)
	at sbt.compiler.MixedAnalyzingCompiler$$anonfun$compileScala$1$1.apply(MixedAnalyzingCompiler.scala:51)
	at sbt.compiler.MixedAnalyzingCompiler$$anonfun$compileScala$1$1.apply(MixedAnalyzingCompiler.scala:51)
	at sbt.compiler.MixedAnalyzingCompiler.timed(MixedAnalyzingCompiler.scala:75)
	at sbt.compiler.MixedAnalyzingCompiler.compileScala$1(MixedAnalyzingCompiler.scala:50)
	at sbt.compiler.MixedAnalyzingCompiler.compile(MixedAnalyzingCompiler.scala:65)
	at sbt.compiler.IC$$anonfun$compileInternal$1.apply(IncrementalCompiler.scala:160)
	at sbt.compiler.IC$$anonfun$compileInternal$1.apply(IncrementalCompiler.scala:160)
	at sbt.inc.IncrementalCompile$$anonfun$doCompile$1.apply(Compile.scala:66)
	at sbt.inc.IncrementalCompile$$anonfun$doCompile$1.apply(Compile.scala:64)
	at sbt.inc.IncrementalCommon.cycle(IncrementalCommon.scala:31)
	at sbt.inc.Incremental$$anonfun$1.apply(Incremental.scala:62)
	at sbt.inc.Incremental$$anonfun$1.apply(Incremental.scala:61)
	at sbt.inc.Incremental$.manageClassfiles(Incremental.scala:89)
	at sbt.inc.Incremental$.compile(Incremental.scala:61)
	at sbt.inc.IncrementalCompile$.apply(Compile.scala:54)
	at sbt.compiler.IC$.compileInternal(IncrementalCompiler.scala:160)
	at sbt.compiler.IC$.incrementalCompile(IncrementalCompiler.scala:138)
	at org.scalaide.core.internal.builder.zinc.CachingCompiler.compile(CachingCompiler.scala:37)
	at org.scalaide.core.internal.builder.zinc.EclipseSbtBuildManager.aggressiveCompile(EclipseSbtBuildManager.scala:213)
	at org.scalaide.core.internal.builder.zinc.EclipseSbtBuildManager.runCompiler(EclipseSbtBuildManager.scala:145)
	at org.scalaide.core.internal.builder.zinc.EclipseSbtBuildManager.update(EclipseSbtBuildManager.scala:127)
	at org.scalaide.core.internal.builder.zinc.EclipseSbtBuildManager.build(EclipseSbtBuildManager.scala:85)
	at org.scalaide.core.internal.project.scopes.BuildScopeUnit.build(BuildScopeUnit.scala:73)
	at org.scalaide.core.internal.project.SbtScopesBuildManager$$anonfun$build$1.apply(SbtScopesBuildManager.scala:54)
	at org.scalaide.core.internal.project.SbtScopesBuildManager$$anonfun$build$1.apply(SbtScopesBuildManager.scala:51)
	at scala.collection.immutable.List.foreach(List.scala:381)
	at org.scalaide.core.internal.project.SbtScopesBuildManager.build(SbtScopesBuildManager.scala:51)
	at org.scalaide.core.internal.project.ScalaProject.build(ScalaProject.scala:603)
	at org.scalaide.core.internal.builder.ScalaBuilder.build(ScalaBuilder.scala:109)
	at org.eclipse.core.internal.events.BuildManager$2.run(BuildManager.java:735)
	at org.eclipse.core.runtime.SafeRunner.run(SafeRunner.java:42)
	at org.eclipse.core.internal.events.BuildManager.basicBuild(BuildManager.java:206)
	at org.eclipse.core.internal.events.BuildManager.basicBuild(BuildManager.java:246)
	at org.eclipse.core.internal.events.BuildManager$1.run(BuildManager.java:301)
	at org.eclipse.core.runtime.SafeRunner.run(SafeRunner.java:42)
	at org.eclipse.core.internal.events.BuildManager.basicBuild(BuildManager.java:304)
	at org.eclipse.core.internal.events.BuildManager.basicBuildLoop(BuildManager.java:360)
	at org.eclipse.core.internal.events.BuildManager.build(BuildManager.java:383)
	at org.eclipse.core.internal.events.AutoBuildJob.doBuild(AutoBuildJob.java:144)
	at org.eclipse.core.internal.events.AutoBuildJob.run(AutoBuildJob.java:235)
	at org.eclipse.core.internal.jobs.Worker.run(Worker.java:55)
2017-01-26 14:55:58,634  WARN [Worker-33] - ScalaProject - Project SparkStreamingExamples has platform default sourceLevel.
2017-01-26 14:55:58,634  WARN [Worker-33] - ScalaProject - Project SparkStreamingExamples runs on platform default installation.
2017-01-26 14:55:58,963  WARN [Java indexing] - ScalaProject - Project SparkStreamingExamples has platform default sourceLevel.
2017-01-26 14:55:58,964  WARN [Java indexing] - ScalaProject - Project SparkStreamingExamples runs on platform default installation.
2017-01-26 14:56:32,075  WARN [Worker-16] - ScalaProject - Project SparkStreamingExamples has platform default sourceLevel.
2017-01-26 14:56:32,075  WARN [Worker-16] - ScalaProject - Project SparkStreamingExamples runs on platform default installation.
2017-01-26 14:56:40,122  WARN [main] - ScalaProject - Project SparkStreamingExamples has platform default sourceLevel.
2017-01-26 14:56:40,123  WARN [main] - ScalaProject - Project SparkStreamingExamples runs on platform default installation.
2017-01-26 14:56:42,022  WARN [main] - ScalaProject - Project SparkStreamingExamples has platform default sourceLevel.
2017-01-26 14:56:42,022  WARN [main] - ScalaProject - Project SparkStreamingExamples runs on platform default installation.
2017-01-26 14:56:42,312  WARN [Worker-27] - ScalaProject - Project SparkStreamingExamples has platform default sourceLevel.
2017-01-26 14:56:42,312  WARN [Worker-27] - ScalaProject - Project SparkStreamingExamples runs on platform default installation.
2017-01-26 14:57:29,109  WARN [Worker-33] - ScalaProject - Project SparkStreamingExamples has platform default sourceLevel.
2017-01-26 14:57:29,110  WARN [Worker-33] - ScalaProject - Project SparkStreamingExamples runs on platform default installation.
2017-01-26 14:58:26,492  WARN [ModalContext] - ScalaProject - Project scalaPoc has platform default sourceLevel.
2017-01-26 14:58:26,492  WARN [ModalContext] - ScalaProject - Project scalaPoc runs on platform default installation.
2017-01-26 14:58:26,665  WARN [ModalContext] - ScalaProject - Project scalaPoc has platform default sourceLevel.
2017-01-26 14:58:26,665  WARN [ModalContext] - ScalaProject - Project scalaPoc runs on platform default installation.
2017-01-26 14:58:34,938  WARN [Worker-16] - ScalaProject - Project SparkStreamingExamples has platform default sourceLevel.
2017-01-26 14:58:34,938  WARN [Worker-16] - ScalaProject - Project SparkStreamingExamples runs on platform default installation.
2017-01-26 14:59:14,704  WARN [ModalContext] - ScalaProject - Project scalaPoc has platform default sourceLevel.
2017-01-26 14:59:14,704  WARN [ModalContext] - ScalaProject - Project scalaPoc runs on platform default installation.
2017-01-26 14:59:14,762  WARN [ModalContext] - ScalaProject - Project scalaPoc has platform default sourceLevel.
2017-01-26 14:59:14,762  WARN [ModalContext] - ScalaProject - Project scalaPoc runs on platform default installation.
2017-01-26 14:59:23,097  WARN [ModalContext] - ScalaProject - Project scalaPoc has platform default sourceLevel.
2017-01-26 14:59:23,097  WARN [ModalContext] - ScalaProject - Project scalaPoc runs on platform default installation.
2017-01-26 15:00:34,437  WARN [Worker-31] - ScalaProject - Project SparkStreamingExamples has platform default sourceLevel.
2017-01-26 15:00:34,438  WARN [Worker-31] - ScalaProject - Project SparkStreamingExamples runs on platform default installation.
2017-01-26 15:00:37,075  WARN [main] - ScalaProject - Project SparkStreamingExamples has platform default sourceLevel.
2017-01-26 15:00:37,075  WARN [main] - ScalaProject - Project SparkStreamingExamples runs on platform default installation.
2017-01-26 23:45:23,344 ERROR [main] - Statistics - Statistics file `/home/david/.scalaide/statistics` is corrupted. A new one is being created. Corrupted content was:

com.cedarsoftware.util.io.JsonIoException: error parsing JSON value
	at com.cedarsoftware.util.io.JsonReader.readObject(JsonReader.java:529)
	at com.cedarsoftware.util.io.JsonReader.jsonToJava(JsonReader.java:289)
	at com.cedarsoftware.util.io.JsonReader.jsonToJava(JsonReader.java:262)
	at org.scalaide.core.internal.statistics.Statistics.org$scalaide$core$internal$statistics$Statistics$$read(Statistics.scala:74)
	at org.scalaide.core.internal.statistics.Statistics$$anonfun$readStats$1.apply(Statistics.scala:52)
	at org.scalaide.core.internal.statistics.Statistics$$anonfun$readStats$1.apply(Statistics.scala:51)
	at org.scalaide.core.ScalaIdeDataStore$$anonfun$validate$2.apply(ScalaIdeDataStore.scala:59)
	at org.scalaide.util.eclipse.EclipseUtils$$anon$3.run(EclipseUtils.scala:214)
	at org.eclipse.core.runtime.SafeRunner.run(SafeRunner.java:42)
	at org.scalaide.util.eclipse.EclipseUtils$.withSafeRunner(EclipseUtils.scala:210)
	at org.scalaide.core.ScalaIdeDataStore$.validate(ScalaIdeDataStore.scala:58)
	at org.scalaide.core.internal.statistics.Statistics.readStats(Statistics.scala:51)
	at org.scalaide.core.internal.statistics.Statistics.<init>(Statistics.scala:30)
	at org.scalaide.core.internal.ScalaPlugin.stats$lzycompute(ScalaPlugin.scala:135)
	at org.scalaide.core.internal.ScalaPlugin.stats(ScalaPlugin.scala:135)
	at org.scalaide.core.internal.ScalaPlugin.statistics(ScalaPlugin.scala:138)
	at org.scalaide.core.internal.ScalaPlugin.start(ScalaPlugin.scala:109)
	at org.eclipse.osgi.internal.framework.BundleContextImpl$3.run(BundleContextImpl.java:774)
	at org.eclipse.osgi.internal.framework.BundleContextImpl$3.run(BundleContextImpl.java:1)
	at java.security.AccessController.doPrivileged(Native Method)
	at org.eclipse.osgi.internal.framework.BundleContextImpl.startActivator(BundleContextImpl.java:767)
	at org.eclipse.osgi.internal.framework.BundleContextImpl.start(BundleContextImpl.java:724)
	at org.eclipse.osgi.internal.framework.EquinoxBundle.startWorker0(EquinoxBundle.java:932)
	at org.eclipse.osgi.internal.framework.EquinoxBundle$EquinoxModule.startWorker(EquinoxBundle.java:309)
	at org.eclipse.osgi.container.Module.doStart(Module.java:581)
	at org.eclipse.osgi.container.Module.start(Module.java:449)
	at org.eclipse.osgi.framework.util.SecureAction.start(SecureAction.java:470)
	at org.eclipse.osgi.internal.hooks.EclipseLazyStarter.postFindLocalClass(EclipseLazyStarter.java:107)
	at org.eclipse.osgi.internal.loader.classpath.ClasspathManager.findLocalClass(ClasspathManager.java:529)
	at org.eclipse.osgi.internal.loader.ModuleClassLoader.findLocalClass(ModuleClassLoader.java:325)
	at org.eclipse.osgi.internal.loader.BundleLoader.findLocalClass(BundleLoader.java:345)
	at org.eclipse.osgi.internal.loader.BundleLoader.findClassInternal(BundleLoader.java:423)
	at org.eclipse.osgi.internal.loader.BundleLoader.findClass(BundleLoader.java:372)
	at org.eclipse.osgi.internal.loader.BundleLoader.findClass(BundleLoader.java:364)
	at org.eclipse.osgi.internal.loader.ModuleClassLoader.loadClass(ModuleClassLoader.java:161)
	at java.lang.ClassLoader.loadClass(ClassLoader.java:357)
	at org.eclipse.osgi.internal.framework.EquinoxBundle.loadClass(EquinoxBundle.java:564)
	at org.eclipse.core.internal.registry.osgi.RegistryStrategyOSGI.createExecutableExtension(RegistryStrategyOSGI.java:174)
	at org.eclipse.core.internal.registry.ExtensionRegistry.createExecutableExtension(ExtensionRegistry.java:905)
	at org.eclipse.core.internal.registry.ConfigurationElement.createExecutableExtension(ConfigurationElement.java:243)
	at org.eclipse.core.internal.registry.ConfigurationElementHandle.createExecutableExtension(ConfigurationElementHandle.java:55)
	at org.eclipse.jdt.internal.ui.filters.FilterDescriptor$1.run(FilterDescriptor.java:135)
	at org.eclipse.core.runtime.SafeRunner.run(SafeRunner.java:42)
	at org.eclipse.jdt.internal.ui.filters.FilterDescriptor.createViewerFilter(FilterDescriptor.java:139)
	at org.eclipse.jdt.ui.actions.CustomFiltersActionGroup$FilterItem.getFilterInstance(CustomFiltersActionGroup.java:187)
	at org.eclipse.jdt.ui.actions.CustomFiltersActionGroup.updateViewerFilters(CustomFiltersActionGroup.java:517)
	at org.eclipse.jdt.ui.actions.CustomFiltersActionGroup.<init>(CustomFiltersActionGroup.java:275)
	at org.eclipse.jdt.ui.actions.CustomFiltersActionGroup.<init>(CustomFiltersActionGroup.java:241)
	at org.eclipse.jdt.internal.ui.packageview.PackageExplorerActionGroup.<init>(PackageExplorerActionGroup.java:149)
	at org.eclipse.jdt.internal.ui.packageview.PackageExplorerPart.makeActions(PackageExplorerPart.java:800)
	at org.eclipse.jdt.internal.ui.packageview.PackageExplorerPart.createPartControl(PackageExplorerPart.java:506)
	at org.eclipse.ui.internal.e4.compatibility.CompatibilityPart.createPartControl(CompatibilityPart.java:150)
	at org.eclipse.ui.internal.e4.compatibility.CompatibilityView.createPartControl(CompatibilityView.java:143)
	at org.eclipse.ui.internal.e4.compatibility.CompatibilityPart.create(CompatibilityPart.java:340)
	at sun.reflect.NativeMethodAccessorImpl.invoke0(Native Method)
	at sun.reflect.NativeMethodAccessorImpl.invoke(NativeMethodAccessorImpl.java:62)
	at sun.reflect.DelegatingMethodAccessorImpl.invoke(DelegatingMethodAccessorImpl.java:43)
	at java.lang.reflect.Method.invoke(Method.java:498)
	at org.eclipse.e4.core.internal.di.MethodRequestor.execute(MethodRequestor.java:55)
	at org.eclipse.e4.core.internal.di.InjectorImpl.processAnnotated(InjectorImpl.java:966)
	at org.eclipse.e4.core.internal.di.InjectorImpl.processAnnotated(InjectorImpl.java:931)
	at org.eclipse.e4.core.internal.di.InjectorImpl.inject(InjectorImpl.java:151)
	at org.eclipse.e4.core.internal.di.InjectorImpl.internalMake(InjectorImpl.java:375)
	at org.eclipse.e4.core.internal.di.InjectorImpl.make(InjectorImpl.java:294)
	at org.eclipse.e4.core.contexts.ContextInjectionFactory.make(ContextInjectionFactory.java:162)
	at org.eclipse.e4.ui.internal.workbench.ReflectionContributionFactory.createFromBundle(ReflectionContributionFactory.java:105)
	at org.eclipse.e4.ui.internal.workbench.ReflectionContributionFactory.doCreate(ReflectionContributionFactory.java:74)
	at org.eclipse.e4.ui.internal.workbench.ReflectionContributionFactory.create(ReflectionContributionFactory.java:56)
	at org.eclipse.e4.ui.workbench.renderers.swt.ContributedPartRenderer.createWidget(ContributedPartRenderer.java:129)
	at org.eclipse.e4.ui.internal.workbench.swt.PartRenderingEngine.createWidget(PartRenderingEngine.java:975)
	at org.eclipse.e4.ui.internal.workbench.swt.PartRenderingEngine.safeCreateGui(PartRenderingEngine.java:651)
	at org.eclipse.e4.ui.internal.workbench.swt.PartRenderingEngine$1.run(PartRenderingEngine.java:536)
	at org.eclipse.core.runtime.SafeRunner.run(SafeRunner.java:42)
	at org.eclipse.e4.ui.internal.workbench.swt.PartRenderingEngine.createGui(PartRenderingEngine.java:520)
	at org.eclipse.e4.ui.workbench.renderers.swt.ElementReferenceRenderer.createWidget(ElementReferenceRenderer.java:70)
	at org.eclipse.e4.ui.internal.workbench.swt.PartRenderingEngine.createWidget(PartRenderingEngine.java:975)
	at org.eclipse.e4.ui.internal.workbench.swt.PartRenderingEngine.safeCreateGui(PartRenderingEngine.java:651)
	at org.eclipse.e4.ui.internal.workbench.swt.PartRenderingEngine.safeCreateGui(PartRenderingEngine.java:757)
	at org.eclipse.e4.ui.internal.workbench.swt.PartRenderingEngine.access$0(PartRenderingEngine.java:728)
	at org.eclipse.e4.ui.internal.workbench.swt.PartRenderingEngine$2.run(PartRenderingEngine.java:722)
	at org.eclipse.core.runtime.SafeRunner.run(SafeRunner.java:42)
	at org.eclipse.e4.ui.internal.workbench.swt.PartRenderingEngine.createGui(PartRenderingEngine.java:706)
	at org.eclipse.e4.ui.workbench.renderers.swt.StackRenderer.showTab(StackRenderer.java:1317)
	at org.eclipse.e4.ui.workbench.renderers.swt.LazyStackRenderer.postProcess(LazyStackRenderer.java:103)
	at org.eclipse.e4.ui.internal.workbench.swt.PartRenderingEngine.safeCreateGui(PartRenderingEngine.java:669)
	at org.eclipse.e4.ui.internal.workbench.swt.PartRenderingEngine.safeCreateGui(PartRenderingEngine.java:757)
	at org.eclipse.e4.ui.internal.workbench.swt.PartRenderingEngine.access$0(PartRenderingEngine.java:728)
	at org.eclipse.e4.ui.internal.workbench.swt.PartRenderingEngine$2.run(PartRenderingEngine.java:722)
	at org.eclipse.core.runtime.SafeRunner.run(SafeRunner.java:42)
	at org.eclipse.e4.ui.internal.workbench.swt.PartRenderingEngine.createGui(PartRenderingEngine.java:706)
	at org.eclipse.e4.ui.workbench.renderers.swt.SWTPartRenderer.processContents(SWTPartRenderer.java:70)
	at org.eclipse.e4.ui.workbench.renderers.swt.SashRenderer.processContents(SashRenderer.java:142)
	at org.eclipse.e4.ui.internal.workbench.swt.PartRenderingEngine.safeCreateGui(PartRenderingEngine.java:665)
	at org.eclipse.e4.ui.internal.workbench.swt.PartRenderingEngine.safeCreateGui(PartRenderingEngine.java:757)
	at org.eclipse.e4.ui.internal.workbench.swt.PartRenderingEngine.access$0(PartRenderingEngine.java:728)
	at org.eclipse.e4.ui.internal.workbench.swt.PartRenderingEngine$2.run(PartRenderingEngine.java:722)
	at org.eclipse.core.runtime.SafeRunner.run(SafeRunner.java:42)
	at org.eclipse.e4.ui.internal.workbench.swt.PartRenderingEngine.createGui(PartRenderingEngine.java:706)
	at org.eclipse.e4.ui.workbench.renderers.swt.SWTPartRenderer.processContents(SWTPartRenderer.java:70)
	at org.eclipse.e4.ui.workbench.renderers.swt.PerspectiveRenderer.processContents(PerspectiveRenderer.java:49)
	at org.eclipse.e4.ui.internal.workbench.swt.PartRenderingEngine.safeCreateGui(PartRenderingEngine.java:665)
	at org.eclipse.e4.ui.internal.workbench.swt.PartRenderingEngine.safeCreateGui(PartRenderingEngine.java:757)
	at org.eclipse.e4.ui.internal.workbench.swt.PartRenderingEngine.access$0(PartRenderingEngine.java:728)
	at org.eclipse.e4.ui.internal.workbench.swt.PartRenderingEngine$2.run(PartRenderingEngine.java:722)
	at org.eclipse.core.runtime.SafeRunner.run(SafeRunner.java:42)
	at org.eclipse.e4.ui.internal.workbench.swt.PartRenderingEngine.createGui(PartRenderingEngine.java:706)
	at org.eclipse.e4.ui.workbench.renderers.swt.PerspectiveStackRenderer.showTab(PerspectiveStackRenderer.java:82)
	at org.eclipse.e4.ui.workbench.renderers.swt.LazyStackRenderer.postProcess(LazyStackRenderer.java:103)
	at org.eclipse.e4.ui.workbench.renderers.swt.PerspectiveStackRenderer.postProcess(PerspectiveStackRenderer.java:63)
	at org.eclipse.e4.ui.internal.workbench.swt.PartRenderingEngine.safeCreateGui(PartRenderingEngine.java:669)
	at org.eclipse.e4.ui.internal.workbench.swt.PartRenderingEngine.safeCreateGui(PartRenderingEngine.java:757)
	at org.eclipse.e4.ui.internal.workbench.swt.PartRenderingEngine.access$0(PartRenderingEngine.java:728)
	at org.eclipse.e4.ui.internal.workbench.swt.PartRenderingEngine$2.run(PartRenderingEngine.java:722)
	at org.eclipse.core.runtime.SafeRunner.run(SafeRunner.java:42)
	at org.eclipse.e4.ui.internal.workbench.swt.PartRenderingEngine.createGui(PartRenderingEngine.java:706)
	at org.eclipse.e4.ui.workbench.renderers.swt.SWTPartRenderer.processContents(SWTPartRenderer.java:70)
	at org.eclipse.e4.ui.workbench.renderers.swt.SashRenderer.processContents(SashRenderer.java:142)
	at org.eclipse.e4.ui.internal.workbench.swt.PartRenderingEngine.safeCreateGui(PartRenderingEngine.java:665)
	at org.eclipse.e4.ui.internal.workbench.swt.PartRenderingEngine.safeCreateGui(PartRenderingEngine.java:757)
	at org.eclipse.e4.ui.internal.workbench.swt.PartRenderingEngine.access$0(PartRenderingEngine.java:728)
	at org.eclipse.e4.ui.internal.workbench.swt.PartRenderingEngine$2.run(PartRenderingEngine.java:722)
	at org.eclipse.core.runtime.SafeRunner.run(SafeRunner.java:42)
	at org.eclipse.e4.ui.internal.workbench.swt.PartRenderingEngine.createGui(PartRenderingEngine.java:706)
	at org.eclipse.e4.ui.workbench.renderers.swt.SWTPartRenderer.processContents(SWTPartRenderer.java:70)
	at org.eclipse.e4.ui.workbench.renderers.swt.WBWRenderer.processContents(WBWRenderer.java:725)
	at org.eclipse.e4.ui.internal.workbench.swt.PartRenderingEngine.safeCreateGui(PartRenderingEngine.java:665)
	at org.eclipse.e4.ui.internal.workbench.swt.PartRenderingEngine.safeCreateGui(PartRenderingEngine.java:757)
	at org.eclipse.e4.ui.internal.workbench.swt.PartRenderingEngine.access$0(PartRenderingEngine.java:728)
	at org.eclipse.e4.ui.internal.workbench.swt.PartRenderingEngine$2.run(PartRenderingEngine.java:722)
	at org.eclipse.core.runtime.SafeRunner.run(SafeRunner.java:42)
	at org.eclipse.e4.ui.internal.workbench.swt.PartRenderingEngine.createGui(PartRenderingEngine.java:706)
	at org.eclipse.e4.ui.internal.workbench.swt.PartRenderingEngine$4.run(PartRenderingEngine.java:1059)
	at org.eclipse.core.databinding.observable.Realm.runWithDefault(Realm.java:336)
	at org.eclipse.e4.ui.internal.workbench.swt.PartRenderingEngine.run(PartRenderingEngine.java:1022)
	at org.eclipse.e4.ui.internal.workbench.E4Workbench.createAndRunUI(E4Workbench.java:150)
	at org.eclipse.ui.internal.Workbench$5.run(Workbench.java:693)
	at org.eclipse.core.databinding.observable.Realm.runWithDefault(Realm.java:336)
	at org.eclipse.ui.internal.Workbench.createAndRunWorkbench(Workbench.java:610)
	at org.eclipse.ui.PlatformUI.createAndRunWorkbench(PlatformUI.java:148)
	at org.eclipse.ui.internal.ide.application.IDEApplication.start(IDEApplication.java:138)
	at org.eclipse.equinox.internal.app.EclipseAppHandle.run(EclipseAppHandle.java:196)
	at org.eclipse.core.runtime.internal.adaptor.EclipseAppLauncher.runApplication(EclipseAppLauncher.java:134)
	at org.eclipse.core.runtime.internal.adaptor.EclipseAppLauncher.start(EclipseAppLauncher.java:104)
	at org.eclipse.core.runtime.adaptor.EclipseStarter.run(EclipseStarter.java:388)
	at org.eclipse.core.runtime.adaptor.EclipseStarter.run(EclipseStarter.java:243)
	at sun.reflect.NativeMethodAccessorImpl.invoke0(Native Method)
	at sun.reflect.NativeMethodAccessorImpl.invoke(NativeMethodAccessorImpl.java:62)
	at sun.reflect.DelegatingMethodAccessorImpl.invoke(DelegatingMethodAccessorImpl.java:43)
	at java.lang.reflect.Method.invoke(Method.java:498)
	at org.eclipse.equinox.launcher.Main.invokeFramework(Main.java:673)
	at org.eclipse.equinox.launcher.Main.basicRun(Main.java:610)
	at org.eclipse.equinox.launcher.Main.run(Main.java:1519)
	at org.eclipse.equinox.launcher.Main.main(Main.java:1492)
Caused by: com.cedarsoftware.util.io.JsonIoException: EOF reached prematurely
	at com.cedarsoftware.util.io.JsonParser.error(JsonParser.java:584)
	at com.cedarsoftware.util.io.JsonParser.readValue(JsonParser.java:278)
	at com.cedarsoftware.util.io.JsonReader.readObject(JsonReader.java:521)
	... 152 more
2017-01-26 23:45:25,863  WARN [main] - ScalaProject - Project SparkStreamingExamples has platform default sourceLevel.
2017-01-26 23:45:25,865  WARN [main] - ScalaProject - Project SparkStreamingExamples runs on platform default installation.
2017-01-26 23:45:25,886  WARN [main] - ScalaProject - Project SparkStreamingExamples has platform default sourceLevel.
2017-01-26 23:45:25,886  WARN [main] - ScalaProject - Project SparkStreamingExamples runs on platform default installation.
2017-01-26 23:45:25,958 ERROR [main] - System.err - [org.eclipse.jdt.launching] error can't determine modifiers of missing type org.eclipse.pde.internal.ui.wizards.imports.PluginImportHelper
when weaving type org.eclipse.jdt.internal.launching.JREContainerInitializer
when weaving classes 
when weaving 
 [Xlint:cantFindType]
2017-01-26 23:46:19,150 ERROR [main] - System.err - [org.eclipse.jdt.debug] error can't determine modifiers of missing type org.eclipse.pde.internal.ui.wizards.imports.PluginImportHelper
when weaving type org.eclipse.jdt.debug.core.IJavaLineBreakpoint
when weaving classes 
when weaving 
 [Xlint:cantFindType]
